Performing C SOURCE FILE Test CMAKE_HAVE_LIBC_PTHREAD failed with the following output:
Change Dir: /gpfs/users/fernandezx/internship/reisa_tests/DEISA/derivative/P128-SN4-LS134-GS17179-I12-AN2-W30-D2023-06-15_01:38:09/CMakeFiles/CMakeTmp

Run Build Command(s):/usr/bin/gmake -f Makefile cmTC_893ee/fast && /usr/bin/gmake  -f CMakeFiles/cmTC_893ee.dir/build.make CMakeFiles/cmTC_893ee.dir/build
gmake[1]: se ingresa al directorio `/gpfs/users/fernandezx/internship/reisa_tests/DEISA/derivative/P128-SN4-LS134-GS17179-I12-AN2-W30-D2023-06-15_01:38:09/CMakeFiles/CMakeTmp'
Building C object CMakeFiles/cmTC_893ee.dir/src.c.o
/gpfs/softs/spack/opt/spack/linux-centos7-haswell/gcc-4.8.5/gcc-11.2.0-mpv3i3uebzvnvz7wxn6ywysd5hftycj3/bin/gcc -DCMAKE_HAVE_LIBC_PTHREAD   -o CMakeFiles/cmTC_893ee.dir/src.c.o -c /gpfs/users/fernandezx/internship/reisa_tests/DEISA/derivative/P128-SN4-LS134-GS17179-I12-AN2-W30-D2023-06-15_01:38:09/CMakeFiles/CMakeTmp/src.c
Linking C executable cmTC_893ee
/gpfs/users/fernandezx/spack/opt/spack/linux-centos7-cascadelake/gcc-11.2.0/cmake-3.24.3-ozmdie7tj76e7ljinj2mbyxgkev4xmr2/bin/cmake -E cmake_link_script CMakeFiles/cmTC_893ee.dir/link.txt --verbose=1
/gpfs/softs/spack/opt/spack/linux-centos7-haswell/gcc-4.8.5/gcc-11.2.0-mpv3i3uebzvnvz7wxn6ywysd5hftycj3/bin/gcc CMakeFiles/cmTC_893ee.dir/src.c.o -o cmTC_893ee 
CMakeFiles/cmTC_893ee.dir/src.c.o: En la función `main':
src.c:(.text+0x2d): referencia a `pthread_create' sin definir
src.c:(.text+0x39): referencia a `pthread_detach' sin definir
src.c:(.text+0x45): referencia a `pthread_cancel' sin definir
src.c:(.text+0x56): referencia a `pthread_join' sin definir
src.c:(.text+0x6a): referencia a `pthread_atfork' sin definir
collect2: error: ld returned 1 exit status
gmake[1]: *** [cmTC_893ee] Error 1
gmake[1]: se sale del directorio `/gpfs/users/fernandezx/internship/reisa_tests/DEISA/derivative/P128-SN4-LS134-GS17179-I12-AN2-W30-D2023-06-15_01:38:09/CMakeFiles/CMakeTmp'
gmake: *** [cmTC_893ee/fast] Error 2


Source file was:
#include <pthread.h>

static void* test_func(void* data)
{
  return data;
}

int main(void)
{
  pthread_t thread;
  pthread_create(&thread, NULL, test_func, NULL);
  pthread_detach(thread);
  pthread_cancel(thread);
  pthread_join(thread, NULL);
  pthread_atfork(NULL, NULL, NULL);
  pthread_exit(NULL);

  return 0;
}

Determining if the function pthread_create exists in the pthreads failed with the following output:
Change Dir: /gpfs/users/fernandezx/internship/reisa_tests/DEISA/derivative/P128-SN4-LS134-GS17179-I12-AN2-W30-D2023-06-15_01:38:09/CMakeFiles/CMakeTmp

Run Build Command(s):/usr/bin/gmake -f Makefile cmTC_b4472/fast && /usr/bin/gmake  -f CMakeFiles/cmTC_b4472.dir/build.make CMakeFiles/cmTC_b4472.dir/build
gmake[1]: se ingresa al directorio `/gpfs/users/fernandezx/internship/reisa_tests/DEISA/derivative/P128-SN4-LS134-GS17179-I12-AN2-W30-D2023-06-15_01:38:09/CMakeFiles/CMakeTmp'
Building C object CMakeFiles/cmTC_b4472.dir/CheckFunctionExists.c.o
/gpfs/softs/spack/opt/spack/linux-centos7-haswell/gcc-4.8.5/gcc-11.2.0-mpv3i3uebzvnvz7wxn6ywysd5hftycj3/bin/gcc   -DCHECK_FUNCTION_EXISTS=pthread_create -o CMakeFiles/cmTC_b4472.dir/CheckFunctionExists.c.o -c /gpfs/users/fernandezx/spack/opt/spack/linux-centos7-cascadelake/gcc-11.2.0/cmake-3.24.3-ozmdie7tj76e7ljinj2mbyxgkev4xmr2/share/cmake-3.24/Modules/CheckFunctionExists.c
Linking C executable cmTC_b4472
/gpfs/users/fernandezx/spack/opt/spack/linux-centos7-cascadelake/gcc-11.2.0/cmake-3.24.3-ozmdie7tj76e7ljinj2mbyxgkev4xmr2/bin/cmake -E cmake_link_script CMakeFiles/cmTC_b4472.dir/link.txt --verbose=1
/gpfs/softs/spack/opt/spack/linux-centos7-haswell/gcc-4.8.5/gcc-11.2.0-mpv3i3uebzvnvz7wxn6ywysd5hftycj3/bin/gcc  -DCHECK_FUNCTION_EXISTS=pthread_create CMakeFiles/cmTC_b4472.dir/CheckFunctionExists.c.o -o cmTC_b4472  -lpthreads 
/usr/bin/ld: no se puede encontrar -lpthreads
collect2: error: ld returned 1 exit status
gmake[1]: *** [cmTC_b4472] Error 1
gmake[1]: se sale del directorio `/gpfs/users/fernandezx/internship/reisa_tests/DEISA/derivative/P128-SN4-LS134-GS17179-I12-AN2-W30-D2023-06-15_01:38:09/CMakeFiles/CMakeTmp'
gmake: *** [cmTC_b4472/fast] Error 2



Detecting C OpenMP failed with the following output:
Change Dir: /gpfs/users/fernandezx/internship/reisa_tests/DEISA/derivative/P128-SN4-LS134-GS17179-I12-AN2-W30-D2023-06-15_01:38:09/CMakeFiles/CMakeTmp

Run Build Command(s):/usr/bin/gmake -f Makefile cmTC_34994/fast && /usr/bin/gmake  -f CMakeFiles/cmTC_34994.dir/build.make CMakeFiles/cmTC_34994.dir/build
gmake[1]: se ingresa al directorio `/gpfs/users/fernandezx/internship/reisa_tests/DEISA/derivative/P128-SN4-LS134-GS17179-I12-AN2-W30-D2023-06-15_01:38:09/CMakeFiles/CMakeTmp'
CMakeFiles/cmTC_34994.dir/build.make:76: *** el patrón de objetivo no contiene `%'.  Alto.
gmake[1]: se sale del directorio `/gpfs/users/fernandezx/internship/reisa_tests/DEISA/derivative/P128-SN4-LS134-GS17179-I12-AN2-W30-D2023-06-15_01:38:09/CMakeFiles/CMakeTmp'
gmake: *** [cmTC_34994/fast] Error 2



Detecting CXX OpenMP failed with the following output:
Change Dir: /gpfs/users/fernandezx/internship/reisa_tests/DEISA/derivative/P128-SN4-LS134-GS17179-I12-AN2-W30-D2023-06-15_01:38:09/CMakeFiles/CMakeTmp

Run Build Command(s):/usr/bin/gmake -f Makefile cmTC_f8971/fast && /usr/bin/gmake  -f CMakeFiles/cmTC_f8971.dir/build.make CMakeFiles/cmTC_f8971.dir/build
gmake[1]: se ingresa al directorio `/gpfs/users/fernandezx/internship/reisa_tests/DEISA/derivative/P128-SN4-LS134-GS17179-I12-AN2-W30-D2023-06-15_01:38:09/CMakeFiles/CMakeTmp'
CMakeFiles/cmTC_f8971.dir/build.make:76: *** el patrón de objetivo no contiene `%'.  Alto.
gmake[1]: se sale del directorio `/gpfs/users/fernandezx/internship/reisa_tests/DEISA/derivative/P128-SN4-LS134-GS17179-I12-AN2-W30-D2023-06-15_01:38:09/CMakeFiles/CMakeTmp'
gmake: *** [cmTC_f8971/fast] Error 2



